c:\programmingprojects\publicrepositories\cse231pairprogramming\cse231lab04\cse231lab04\231.04.lab\x64\debug\vc143.pdb
c:\programmingprojects\publicrepositories\cse231pairprogramming\cse231lab04\cse231lab04\231.04.lab\x64\debug\vc143.idb
c:\programmingprojects\publicrepositories\cse231pairprogramming\cse231lab04\cse231lab04\231.04.lab\x64\debug\uiinteract.obj
c:\programmingprojects\publicrepositories\cse231pairprogramming\cse231lab04\cse231lab04\231.04.lab\x64\debug\pieceknight.obj
c:\programmingprojects\publicrepositories\cse231pairprogramming\cse231lab04\cse231lab04\231.04.lab\x64\debug\piece.obj
c:\programmingprojects\publicrepositories\cse231pairprogramming\cse231lab04\cse231lab04\231.04.lab\x64\debug\testpiece.obj
c:\programmingprojects\publicrepositories\cse231pairprogramming\cse231lab04\cse231lab04\231.04.lab\x64\debug\testmove.obj
c:\programmingprojects\publicrepositories\cse231pairprogramming\cse231lab04\cse231lab04\231.04.lab\x64\debug\testboard.obj
c:\programmingprojects\publicrepositories\cse231pairprogramming\cse231lab04\cse231lab04\231.04.lab\x64\debug\test.obj
c:\programmingprojects\publicrepositories\cse231pairprogramming\cse231lab04\cse231lab04\231.04.lab\x64\debug\move.obj
c:\programmingprojects\publicrepositories\cse231pairprogramming\cse231lab04\cse231lab04\231.04.lab\x64\debug\chess.obj
c:\programmingprojects\publicrepositories\cse231pairprogramming\cse231lab04\cse231lab04\231.04.lab\x64\debug\board.obj
c:\programmingprojects\publicrepositories\cse231pairprogramming\cse231lab04\cse231lab04\231.04.lab\x64\debug\testknight.obj
c:\programmingprojects\publicrepositories\cse231pairprogramming\cse231lab04\cse231lab04\231.04.lab\x64\debug\uidraw.obj
c:\programmingprojects\publicrepositories\cse231pairprogramming\cse231lab04\cse231lab04\231.04.lab\x64\debug\testposition.obj
c:\programmingprojects\publicrepositories\cse231pairprogramming\cse231lab04\cse231lab04\231.04.lab\x64\debug\position.obj
c:\programmingprojects\publicrepositories\cse231pairprogramming\cse231lab05attempt#2\x64\debug\vc143.pdb
c:\programmingprojects\publicrepositories\cse231pairprogramming\cse231lab05attempt#2\x64\debug\vc143.idb
c:\programmingprojects\publicrepositories\cse231pairprogramming\cse231lab05attempt#2\x64\debug\uiinteract.obj
c:\programmingprojects\publicrepositories\cse231pairprogramming\cse231lab05attempt#2\x64\debug\uidraw.obj
c:\programmingprojects\publicrepositories\cse231pairprogramming\cse231lab05attempt#2\x64\debug\testposition.obj
c:\programmingprojects\publicrepositories\cse231pairprogramming\cse231lab05attempt#2\x64\debug\testpiece.obj
c:\programmingprojects\publicrepositories\cse231pairprogramming\cse231lab05attempt#2\x64\debug\testmove.obj
c:\programmingprojects\publicrepositories\cse231pairprogramming\cse231lab05attempt#2\x64\debug\testknight.obj
c:\programmingprojects\publicrepositories\cse231pairprogramming\cse231lab05attempt#2\x64\debug\testboard.obj
c:\programmingprojects\publicrepositories\cse231pairprogramming\cse231lab05attempt#2\x64\debug\test.obj
c:\programmingprojects\publicrepositories\cse231pairprogramming\cse231lab05attempt#2\x64\debug\position.obj
c:\programmingprojects\publicrepositories\cse231pairprogramming\cse231lab05attempt#2\x64\debug\pieceknight.obj
c:\programmingprojects\publicrepositories\cse231pairprogramming\cse231lab05attempt#2\x64\debug\piece.obj
c:\programmingprojects\publicrepositories\cse231pairprogramming\cse231lab05attempt#2\x64\debug\move.obj
c:\programmingprojects\publicrepositories\cse231pairprogramming\cse231lab05attempt#2\x64\debug\chess.obj
c:\programmingprojects\publicrepositories\cse231pairprogramming\cse231lab05attempt#2\x64\debug\board.obj
c:\programmingprojects\publicrepositories\cse231pairprogramming\cse231lab04\cse231lab04\231.04.lab\x64\debug\lab04.exe
c:\programmingprojects\publicrepositories\cse231pairprogramming\cse231lab04\cse231lab04\231.04.lab\x64\debug\lab04.ilk
c:\programmingprojects\publicrepositories\cse231pairprogramming\cse231lab04\cse231lab04\231.04.lab\x64\debug\lab04.pdb
c:\programmingprojects\publicrepositories\cse231pairprogramming\cse231lab05attempt#2\x64\debug\lab04.ilk
c:\programmingprojects\publicrepositories\cse231pairprogramming\cse231lab05attempt#2\x64\debug\lab04.pdb
c:\programmingprojects\publicrepositories\cse231pairprogramming\cse231lab05attempt#2\x64\debug\lab04.exe
c:\programmingprojects\publicrepositories\cse231pairprogramming\cse231lab05attempt#2\x64\debug\lab04.tlog\cl.command.1.tlog
c:\programmingprojects\publicrepositories\cse231pairprogramming\cse231lab05attempt#2\x64\debug\lab04.tlog\cl.items.tlog
c:\programmingprojects\publicrepositories\cse231pairprogramming\cse231lab05attempt#2\x64\debug\lab04.tlog\cl.read.1.tlog
c:\programmingprojects\publicrepositories\cse231pairprogramming\cse231lab05attempt#2\x64\debug\lab04.tlog\cl.write.1.tlog
c:\programmingprojects\publicrepositories\cse231pairprogramming\cse231lab05attempt#2\x64\debug\lab04.tlog\link.command.1.tlog
c:\programmingprojects\publicrepositories\cse231pairprogramming\cse231lab05attempt#2\x64\debug\lab04.tlog\link.read.1.tlog
c:\programmingprojects\publicrepositories\cse231pairprogramming\cse231lab05attempt#2\x64\debug\lab04.tlog\link.write.1.tlog
